[2025-08-05 13:49:23] Iniciando healthcheck
[ERRO] Falha ao obter dados de memória
[2025-08-05 13:49:23] CPU Load Average: 2.88
[2025-08-05 13:49:23] Memória usada: 0 MB / 1 MB (0%)
[2025-08-05 13:49:23] Disco usado: 53035468 KB / 306033624 KB (17%)
[2025-08-05 13:49:23] Network enp3s0 - RX bytes: 97474150, TX bytes: 
[2025-08-05 13:49:24] Healthcheck finalizado
[2025-08-05 13:50:01] Iniciando healthcheck
[ERRO] Falha ao obter dados de memória
[2025-08-05 13:50:01] CPU Load Average: 2.07
[2025-08-05 13:50:01] Memória usada: 0 MB / 1 MB (0%)
[2025-08-05 13:50:01] Disco usado: 53036108 KB / 306033624 KB (17%)
[2025-08-05 13:50:01] Network enp3s0 - RX bytes: 97488700, TX bytes: 
[2025-08-05 13:50:02] Healthcheck finalizado
[2025-08-05 14:00:01] Iniciando healthcheck
[ERRO] Falha ao obter dados de memória
[2025-08-05 14:00:01] CPU Load Average: 0.77
[2025-08-05 14:00:01] Memória usada: 0 MB / 1 MB (0%)
[2025-08-05 14:00:01] Disco usado: 53036300 KB / 306033624 KB (17%)
[2025-08-05 14:00:01] Network enp3s0 - RX bytes: 97828477, TX bytes: 
[2025-08-05 14:00:02] Healthcheck finalizado
[2025-08-05 14:10:01] Iniciando healthcheck
[ERRO] Falha ao obter dados de memória
[2025-08-05 14:10:02] CPU Load Average: 0.92
[2025-08-05 14:10:02] Memória usada: 0 MB / 1 MB (0%)
[2025-08-05 14:10:02] Disco usado: 53036420 KB / 306033624 KB (17%)
[2025-08-05 14:10:02] Network enp3s0 - RX bytes: 97934495, TX bytes: 
[2025-08-05 14:10:03] Healthcheck finalizado
[2025-08-05 14:20:01] Iniciando healthcheck
[ERRO] Falha ao obter dados de memória
[2025-08-05 14:20:01] CPU Load Average: 1.05
[2025-08-05 14:20:01] Memória usada: 0 MB / 1 MB (0%)
[2025-08-05 14:20:01] Disco usado: 53036536 KB / 306033624 KB (17%)
[2025-08-05 14:20:01] Network enp3s0 - RX bytes: 98073353, TX bytes: 
[2025-08-05 14:20:02] Healthcheck finalizado
[2025-08-05 14:30:01] Iniciando healthcheck
[ERRO] Falha ao obter dados de memória
[2025-08-05 14:30:01] CPU Load Average: 1.10
[2025-08-05 14:30:01] Memória usada: 0 MB / 1 MB (0%)
[2025-08-05 14:30:01] Disco usado: 53036688 KB / 306033624 KB (17%)
[2025-08-05 14:30:01] Network enp3s0 - RX bytes: 98302442, TX bytes: 
[2025-08-05 14:30:02] Healthcheck finalizado
