[2025-08-05 03:44:28] Iniciando healthcheck
[2025-08-05 03:44:28] CPU Load Average: 1.35
[2025-08-05 03:44:28] Memória usada:  MB /  MB (%)
[2025-08-05 03:44:28] Disco usado: 52429588 KB / 306033624 KB (17%)
[2025-08-05 03:44:28] Network enp3s0 - RX bytes: 3534223337, TX bytes: 131032177
[2025-08-05 03:44:28] Healthcheck finalizado
[2025-08-05 03:49:49] Iniciando healthcheck
[2025-08-05 03:49:49] CPU Load Average: 1.45
[2025-08-05 03:49:49] Memória usada: 1274 MB / 1855 MB (68%)
[2025-08-05 03:49:49] Disco usado: 52429656 KB / 306033624 KB (17%)
[2025-08-05 03:49:49] Network enp3s0 - RX bytes: 3534352086, TX bytes: 131269840
[2025-08-05 03:49:49] Healthcheck finalizado
[2025-08-05 04:45:36] Iniciando healthcheck
[2025-08-05 04:45:36] CPU Load Average: 1.60
[2025-08-05 04:45:36] Memória usada: 1187 MB / 1855 MB (63%)
[2025-08-05 04:45:36] Disco usado: 52529340 KB / 306033624 KB (17%)
[2025-08-05 04:45:36] Network enp3s0 - RX bytes: 3567720733, TX bytes: 137937995
[2025-08-05 04:45:36] Healthcheck finalizado
[2025-08-05 04:51:18] Iniciando healthcheck
[2025-08-05 04:51:18] CPU Load Average: 2.38
[2025-08-05 04:51:18] Memória usada: 1229 MB / 1855 MB (66%)
[2025-08-05 04:51:18] Disco usado: 52529536 KB / 306033624 KB (17%)
[2025-08-05 04:51:18] Network enp3s0 - RX bytes: 3567865427, TX bytes: 138214235
[2025-08-05 04:51:18] Healthcheck finalizado
[2025-08-05 11:19:50] Iniciando healthcheck
[2025-08-05 11:19:50] CPU Load Average: 1.63
[2025-08-05 11:19:50] Memória usada: 873 MB / 1855 MB (47%)
[2025-08-05 11:19:50] Disco usado: 52534924 KB / 306033624 KB (17%)
[2025-08-05 11:19:50] Network enp3s0 - RX bytes: 889558, TX bytes: 1739777
[2025-08-05 11:19:50] Healthcheck finalizado
[2025-08-05 11:20:02] Iniciando healthcheck
[2025-08-05 11:20:02] CPU Load Average: 1.38
[2025-08-05 11:20:02] Memória usada: 868 MB / 1855 MB (46%)
[2025-08-05 11:20:02] Disco usado: 52535096 KB / 306033624 KB (17%)
[2025-08-05 11:20:02] Network enp3s0 - RX bytes: 891247, TX bytes: 1748125
[2025-08-05 11:20:02] Healthcheck finalizado
[2025-08-05 11:25:39] Iniciando healthcheck
[2025-08-05 11:25:39] CPU Load Average: 0.39
[2025-08-05 11:25:39] Memória usada: 873 MB / 1855 MB (47%)
[2025-08-05 11:25:39] Disco usado: 52535344 KB / 306033624 KB (17%)
[2025-08-05 11:25:39] Network enp3s0 - RX bytes: 988236, TX bytes: 1975148
[2025-08-05 11:25:39] Healthcheck finalizado
[2025-08-05 12:20:02] Iniciando healthcheck
[2025-08-05 12:20:02] CPU Load Average: 2.25
[2025-08-05 12:20:02] Memória usada: 887 MB / 1855 MB (47%)
[2025-08-05 12:20:02] Disco usado: 52969992 KB / 306033624 KB (17%)
[2025-08-05 12:20:02] Network enp3s0 - RX bytes: 70165406, TX bytes: 9175251
[2025-08-05 12:20:02] Healthcheck finalizado
[2025-08-05 12:30:01] Iniciando healthcheck
[2025-08-05 12:30:01] CPU Load Average: 2.17
[2025-08-05 12:30:01] Memória usada: 968 MB / 1855 MB (52%)
[2025-08-05 12:30:01] Disco usado: 52988708 KB / 306033624 KB (17%)
[2025-08-05 12:30:01] Network enp3s0 - RX bytes: 75516707, TX bytes: 9768288
[2025-08-05 12:30:01] Healthcheck finalizado
[2025-08-05 12:40:01] Iniciando healthcheck
[2025-08-05 12:40:01] CPU Load Average: 2.94
[2025-08-05 12:40:01] Memória usada: 1071 MB / 1855 MB (57%)
[2025-08-05 12:40:01] Disco usado: 53016456 KB / 306033624 KB (17%)
[2025-08-05 12:40:01] Network enp3s0 - RX bytes: 91958782, TX bytes: 10937701
[2025-08-05 12:40:01] Healthcheck finalizado
[2025-08-05 12:50:01] Iniciando healthcheck
[2025-08-05 12:50:01] CPU Load Average: 2.15
[2025-08-05 12:50:01] Memória usada: 1070 MB / 1855 MB (57%)
[2025-08-05 12:50:01] Disco usado: 53017448 KB / 306033624 KB (17%)
[2025-08-05 12:50:01] Network enp3s0 - RX bytes: 92420193, TX bytes: 11438701
[2025-08-05 12:50:01] Healthcheck finalizado
[2025-08-05 13:00:01] Iniciando healthcheck
[2025-08-05 13:00:01] CPU Load Average: 2.33
[2025-08-05 13:00:01] Memória usada: 1105 MB / 1855 MB (59%)
[2025-08-05 13:00:01] Disco usado: 53017816 KB / 306033624 KB (17%)
[2025-08-05 13:00:01] Network enp3s0 - RX bytes: 92882687, TX bytes: 11845617
[2025-08-05 13:00:01] Healthcheck finalizado
[2025-08-05 13:10:01] Iniciando healthcheck
[2025-08-05 13:10:01] CPU Load Average: 2.92
[2025-08-05 13:10:01] Memória usada: 989 MB / 1855 MB (53%)
[2025-08-05 13:10:01] Disco usado: 53019740 KB / 306033624 KB (17%)
[2025-08-05 13:10:01] Network enp3s0 - RX bytes: 93690301, TX bytes: 12094418
[2025-08-05 13:10:01] Healthcheck finalizado
[2025-08-05 13:20:02] Iniciando healthcheck
[2025-08-05 13:20:02] CPU Load Average: 2.23
[2025-08-05 13:20:02] Memória usada: 1016 MB / 1855 MB (54%)
[2025-08-05 13:20:02] Disco usado: 53033040 KB / 306033624 KB (17%)
[2025-08-05 13:20:02] Network enp3s0 - RX bytes: 94967225, TX bytes: 12605273
[2025-08-05 13:20:02] Healthcheck finalizado
[2025-08-05 13:30:01] Iniciando healthcheck
[2025-08-05 13:30:01] CPU Load Average: 2.10
[2025-08-05 13:30:01] Memória usada: 1101 MB / 1855 MB (59%)
[2025-08-05 13:30:01] Disco usado: 53034400 KB / 306033624 KB (17%)
[2025-08-05 13:30:01] Network enp3s0 - RX bytes: 96856814, TX bytes: 13328170
[2025-08-05 13:30:01] Healthcheck finalizado
[2025-08-05 13:40:01] Iniciando healthcheck
[2025-08-05 13:40:01] CPU Load Average: 3.14
[2025-08-05 13:40:01] Memória usada: 1108 MB / 1855 MB (59%)
[2025-08-05 13:40:01] Disco usado: 53034716 KB / 306033624 KB (17%)
[2025-08-05 13:40:01] Network enp3s0 - RX bytes: 97227679, TX bytes: 14158410
[2025-08-05 13:40:01] Healthcheck finalizado
