[2025-08-05 00:32:44] Iniciando healthcheck
[2025-08-05 00:32:44] CPU Load Average: 1
[2025-08-05 00:32:44] Memória usada: 1345 MB / 1855 MB (72%)
[2025-08-05 00:32:44] Disco usado: 51156588 KB / 306033624 KB (16%)
[2025-08-05 00:32:44] Network enp3s0 - RX bytes: 2573188558, TX bytes: 86715106
[2025-08-05 00:32:44] Healthcheck finalizado
[2025-08-05 00:40:01] Iniciando healthcheck
[2025-08-05 00:40:01] CPU Load Average: 1
[2025-08-05 00:40:01] Erro ao obter uso de memória
[2025-08-05 00:40:01] Disco usado: 51157028 KB / 306033624 KB (16%)
[2025-08-05 00:40:01] Network enp3s0 - RX bytes: 2623017403, TX bytes: 87815200
[2025-08-05 00:40:01] Healthcheck finalizado
[2025-08-05 00:48:17] Iniciando healthcheck
[2025-08-05 00:48:17] CPU Load Average: 1
[2025-08-05 00:48:17] Variável MEMINFO_CMD não está definida no .env
[2025-08-05 00:48:17] Disco usado: 51139896 KB / 306033624 KB (16%)
[2025-08-05 00:48:17] Network enp3s0 - RX bytes: 2627180126, TX bytes: 89498906
[2025-08-05 00:48:17] Healthcheck finalizado
[2025-08-05 00:53:07] Iniciando healthcheck
[2025-08-05 00:53:07] CPU Load Average: 2
[2025-08-05 00:53:07] Falha ao calcular uso de memória
[2025-08-05 00:53:07] Disco usado: 51139964 KB / 306033624 KB (16%)
[2025-08-05 00:53:08] Network enp3s0 - RX bytes: 2627276451, TX bytes: 89651009
[2025-08-05 00:53:08] Healthcheck finalizado
[2025-08-05 00:53:57] Iniciando healthcheck
[2025-08-05 00:53:57] CPU Load Average: 1
[2025-08-05 00:53:57] Falha ao calcular uso de memória
[2025-08-05 00:53:57] Disco usado: 51139980 KB / 306033624 KB (16%)
[2025-08-05 00:53:57] Network enp3s0 - RX bytes: 2627289058, TX bytes: 89684223
[2025-08-05 00:53:57] Healthcheck finalizado
[2025-08-05 01:03:21] Iniciando healthcheck
[2025-08-05 01:03:21] CPU Load Average: 1
[2025-08-05 01:03:21] Memória usada: 1148 MB / 1855 MB (61%)
[2025-08-05 01:03:21] Disco usado: 51140416 KB / 306033624 KB (16%)
[2025-08-05 01:03:21] Network enp3s0 - RX bytes: 2628212821, TX bytes: 91078182
[2025-08-05 01:03:21] Healthcheck finalizado
[2025-08-05 01:16:56] Iniciando healthcheck
[2025-08-05 01:16:56] CPU Load Average: 0
[2025-08-05 01:16:56] Variável MEMINFO_CMD não está definida no .env
[2025-08-05 01:16:56] Disco usado: 51140588 KB / 306033624 KB (16%)
[2025-08-05 01:16:56] Network enp3s0 - RX bytes: 2628568759, TX bytes: 91609916
[2025-08-05 01:16:56] Healthcheck finalizado
[2025-08-05 02:22:15] Iniciando healthcheck
[2025-08-05 02:22:16] CPU Load Average: 2
[2025-08-05 02:22:16] Variável MEMINFO_CMD não está definida no .env
[2025-08-05 02:22:16] Disco usado: 52426560 KB / 306033624 KB (17%)
[2025-08-05 02:22:16] Network enp3s0 - RX bytes: 3528694072, TX bytes: 122983626
[2025-08-05 02:22:16] Healthcheck finalizado
[2025-08-05 02:33:15] Iniciando healthcheck
[2025-08-05 02:33:15] CPU Load Average: 1.29
[2025-08-05 02:33:15] Memória usada: 1449 MB / 1855 MB (78%)
[2025-08-05 02:33:15] Disco usado: 52426892 KB / 306033624 KB (19%)
[2025-08-05 02:33:15] Network enp3s0 - RX bytes: 3529565430, TX bytes: 124575577
[2025-08-05 02:33:15] Healthcheck finalizado
[2025-08-05 03:19:46] Iniciando healthcheck
[2025-08-05 03:19:46] CPU Load Average: 1.81
[2025-08-05 03:23:50] Iniciando healthcheck
[2025-08-05 03:23:50] CPU Load Average: 2.08
[2025-08-05 03:23:50] Memória usada: -356 MB / 1499 MB (-23%)
[2025-08-05 03:23:50] Disco usado: 52429356 KB / 306033624 KB (19%)
[2025-08-05 03:23:50] Network enp3s0 - RX bytes: 3533775450, TX bytes: 130199312
[2025-08-05 03:23:50] Healthcheck finalizado
[2025-08-05 03:28:09] Iniciando healthcheck
[2025-08-05 03:28:09] CPU Load Average: 2.29
